 
      *** Molecular Dynamics ***
 
Output printed at each kt=   1 steps ( 0.50 fs).
 
STEP        0    Molecular dynamics on state  3    TIME =       0.00 fs
Type of dyn. =    1    N. of hoppings =    0    N. of rejec. hoppings =    0
 
  Initial geometry: 
 C     6.0   -0.20098543   -0.00896778   -0.05526258   12.00000000
 H     1.0   -1.34338022   -1.94635866    0.20763951    1.00782504
 H     1.0   -1.25320242    1.96039415    0.26240665    1.00782504
 H     1.0    1.86340979    0.09194210    1.31613510    1.00782504
 H     1.0    1.93722861   -0.00307080   -1.12704067    1.00782504
 
  Initial velocity: 
   -0.00016596   -0.00032471   -0.00000914
    0.00154336    0.00223983   -0.00016895
    0.00118639    0.00048997    0.00039998
   -0.00062079    0.00100050   -0.00121057
   -0.00018964    0.00000893    0.00109415
 
  Initial acceleration: 
   -0.00000204    0.00000091    0.00000093
    0.00001427   -0.00001736   -0.00000362
    0.00001505    0.00001021   -0.00000400
   -0.00000613   -0.00000040    0.00002592
    0.00000105   -0.00000322   -0.00002941
 
     Time    Etot         Ekin       Epot E0,      E1, ...
%      0.000   -38.989959604     0.013690796   -39.129535930   -39.058433400   -39.003650400
Etot variation =   0.000000 au    Worse conservation =   0.000000 au
 
Total linear momentum:     -0.10428797   -0.23339429    0.01056872
Total ang mom about cm:    -2.18986324    1.04351004   -0.16047085
Total ang mom of cm:        0.00001413    0.00078255    0.01742096
 
 Wave function state  1:         0.00000000000000         0.00000000000000
 Wave function state  2:         0.00000000000000         0.00000000000000
 Wave function state  3:         1.00000000000000         0.00000000000000
 
 ------------
 
STEP        1    Molecular dynamics on state  3    TIME =       0.50 fs
Type of dyn. =    1    N. of hoppings =    0    N. of rejec. hoppings =    0
 
  New geometry: 
 C     6.0   -0.20485100   -0.01548638   -0.05525235   12.00000000
 H     1.0   -1.30842906   -1.90376858    0.20337417    1.00782504
 H     1.0   -1.22546390    1.97270292    0.26982041    1.00782504
 H     1.0    1.84926841    0.11253655    1.29664909    1.00782504
 H     1.0    1.93353358   -0.00357431   -1.11070602    1.00782504
 
  New velocity: 
   -0.00020486   -0.00028550    0.00000883
    0.00178231    0.00174885   -0.00022566
    0.00149625    0.00063474    0.00030890
   -0.00073589    0.00097542   -0.00066186
   -0.00016024   -0.00008666    0.00047927
 
  New acceleration: 
   -0.00000173    0.00000289    0.00000081
    0.00000885   -0.00003014   -0.00000187
    0.00001493    0.00000380   -0.00000481
   -0.00000501   -0.00000202    0.00002717
    0.00000179   -0.00000603   -0.00003009
 
     Time    Etot         Ekin       Epot E0,      E1, ...
%      0.500   -38.989935571     0.011655089   -39.131816390   -39.055546610   -39.001590660
Etot variation =   0.000024 au    Worse conservation =   0.000024 au
 
Total linear momentum:     -0.10428797   -0.23339418    0.01056883
Total ang mom about cm:    -2.19039676    1.04502252   -0.15836403
Total ang mom of cm:        0.00001413    0.00078256    0.01742095
 
 Wave function state  1:        -0.00024796273306         0.00063741574855
 Wave function state  2:        -0.01159505305496         0.00760093726246
 Wave function state  3:         0.99990365093382        -0.00003952536623
 
 ------------
 
STEP        2    Molecular dynamics on state  3    TIME =       1.00 fs
Type of dyn. =    1    N. of hoppings =    0    N. of rejec. hoppings =    0
 
  New geometry: 
 C     6.0   -0.20945450   -0.02077075   -0.05489768   12.00000000
 H     1.0   -1.26969698   -1.87405871    0.19831061    1.00782504
 H     1.0   -1.19134521    1.98663524    0.27517696    1.00782504
 H     1.0    1.83298694    0.13226745    1.28877307    1.00782504
 H     1.0    1.93060401   -0.00665328   -1.10722698    1.00782504
 
  New velocity: 
   -0.00023545   -0.00020651    0.00002386
    0.00190499    0.00100337   -0.00024495
    0.00179010    0.00064972    0.00020263
   -0.00082764    0.00091695   -0.00009776
   -0.00012079   -0.00023816   -0.00013828
 
  New acceleration: 
   -0.00000123    0.00000475    0.00000065
    0.00000302   -0.00004198    0.00000000
    0.00001350   -0.00000235   -0.00000547
   -0.00000387   -0.00000364    0.00002741
    0.00000203   -0.00000863   -0.00002966
 
     Time    Etot         Ekin       Epot E0,      E1, ...
%      1.000   -38.989876202     0.010254788   -39.132162700   -39.051814020   -39.000130990
Etot variation =   0.000059 au    Worse conservation =   0.000083 au
 
Total linear momentum:     -0.10428818   -0.23339408    0.01056883
Total ang mom about cm:    -2.18980500    1.04623157   -0.15309971
Total ang mom of cm:        0.00001413    0.00078256    0.01742094
 
 Wave function state  1:        -0.00002016316704         0.00052672586576
 Wave function state  2:        -0.00987178366753         0.01850938674039
 Wave function state  3:         0.99977979117932        -0.00020443202976
 
 ------------
 
STEP        3    Molecular dynamics on state  3    TIME =       1.50 fs
Type of dyn. =    1    N. of hoppings =    0    N. of rejec. hoppings =    0
 
  New geometry: 
 C     6.0   -0.21458470   -0.02402397   -0.05426588   12.00000000
 H     1.0   -1.22967432   -1.86228771    0.19324743    1.00782504
 H     1.0   -1.15145889    1.99956335    0.27819743    1.00782504
 H     1.0    1.81505281    0.15044456    1.29260742    1.00782504
 H     1.0    1.92854011   -0.01342001   -1.11642252    1.00782504
 
  New velocity: 
   -0.00025468   -0.00009279    0.00003552
    0.00191489    0.00004288   -0.00022772
    0.00203995    0.00054856    0.00008568
   -0.00089643    0.00082564    0.00045946
   -0.00008277   -0.00043932   -0.00073463
 
  New acceleration: 
   -0.00000063    0.00000625    0.00000048
   -0.00000206   -0.00005095    0.00000167
    0.00001068   -0.00000744   -0.00000585
   -0.00000279   -0.00000520    0.00002651
    0.00000165   -0.00001083   -0.00002804
 
     Time    Etot         Ekin       Epot E0,      E1, ...
%      1.500   -38.989812470     0.010578210   -39.130951190   -39.047553820   -39.000390680
Etot variation =   0.000064 au    Worse conservation =   0.000147 au
 
Total linear momentum:     -0.10428828   -0.23339408    0.01056883
Total ang mom about cm:    -2.18823372    1.04716851   -0.14416531
Total ang mom of cm:        0.00001413    0.00078256    0.01742094
 
 Wave function state  1:         0.00030132645797         0.00006620670108
 Wave function state  2:        -0.00260603086394         0.02071836286798
 Wave function state  3:         0.99978183833582        -0.00037228497008
 
 ------------
 
STEP        4    Molecular dynamics on state  3    TIME =       2.00 fs
Type of dyn. =    1    N. of hoppings =    0    N. of rejec. hoppings =    0
 
  New geometry: 
 C     6.0   -0.21998323   -0.02460669   -0.05342910   12.00000000
 H     1.0   -1.19053291   -1.87228581    0.18889618    1.00782504
 H     1.0   -1.10701082    2.00931346    0.27871913    1.00782504
 H     1.0    1.79592723    0.16640040    1.30776763    1.00782504
 H     1.0    1.92718219   -0.02481550   -1.13759761    1.00782504
 
  New velocity: 
   -0.00026084    0.00004635    0.00004374
    0.00183598   -0.00105697   -0.00018057
    0.00221687    0.00035721   -0.00003593
   -0.00094404    0.00070183    0.00098485
   -0.00005979   -0.00068098   -0.00128342
 
  New acceleration: 
    0.00000003    0.00000721    0.00000032
   -0.00000557   -0.00005547    0.00000290
    0.00000644   -0.00001108   -0.00000592
   -0.00000182   -0.00000678    0.00002433
    0.00000057   -0.00001255   -0.00002506
 
     Time    Etot         Ekin       Epot E0,      E1, ...
%      2.000   -38.989794912     0.013678238   -39.128706670   -39.043126280   -39.003473150
Etot variation =   0.000018 au    Worse conservation =   0.000165 au
 
Total linear momentum:     -0.10428828   -0.23339408    0.01056893
Total ang mom about cm:    -2.18585930    1.04785400   -0.13130416
Total ang mom of cm:        0.00001413    0.00078257    0.01742094
 
 Wave function state  1:        -0.00103166676678         0.00040604521884
 Wave function state  2:         0.00069359386153         0.01794465758377
 Wave function state  3:         0.99983803069673        -0.00043744165235
 
 ------------
 
STEP        5    Molecular dynamics on state  3    TIME =       2.50 fs
Type of dyn. =    1    N. of hoppings =    0    N. of rejec. hoppings =    0
 
  New geometry: 
 C     6.0   -0.22536824   -0.02210783   -0.05245753   12.00000000
 H     1.0   -1.15377230   -1.90598438    0.18578251    1.00782504
 H     1.0   -1.05981033    2.01433086    0.27671190    1.00782504
 H     1.0    1.77602492    0.17945912    1.33332236    1.00782504
 H     1.0    1.92606846   -0.04157261   -1.16948090    1.00782504
 
  New velocity: 
   -0.00025208    0.00019961    0.00004850
    0.00169752   -0.00219976   -0.00011168
    0.00228699    0.00010634   -0.00015555
   -0.00097204    0.00054239    0.00144778
   -0.00006771   -0.00095272   -0.00175233
 
  New acceleration: 
    0.00000082    0.00000762    0.00000015
   -0.00000782   -0.00005510    0.00000377
    0.00000034   -0.00001320   -0.00000565
   -0.00000089   -0.00000865    0.00002046
   -0.00000134   -0.00001374   -0.00002031
 
     Time    Etot         Ekin       Epot E0,      E1, ...
%      2.500   -38.989863423     0.019819097   -39.125649270   -39.038649650   -39.009682520
Etot variation =  -0.000069 au    Worse conservation =   0.000165 au
 
Total linear momentum:     -0.10428828   -0.23339408    0.01056883
Total ang mom about cm:    -2.18285821    1.04828656   -0.11462451
Total ang mom of cm:        0.00001413    0.00078256    0.01742094
 
 Wave function state  1:         0.00147217944320         0.00120718217240
 Wave function state  2:         0.00073155167075         0.01954767987101
 Wave function state  3:         0.99980674752232        -0.00044277707052
 
 ------------
 
STEP        6    Molecular dynamics on state  3    TIME =       3.00 fs
Type of dyn. =    1    N. of hoppings =    0    N. of rejec. hoppings =    0
 
  New geometry: 
 C     6.0   -0.23040477   -0.01635458   -0.05142391   12.00000000
 H     1.0   -1.12035507   -1.96322674    0.18427926    1.00782504
 H     1.0   -1.01246359    2.01370972    0.27228862    1.00782504
 H     1.0    1.75574193    0.18882344    1.36762099    1.00782504
 H     1.0    1.92438310   -0.06420243   -1.21004114    1.00782504
 
  New velocity: 
   -0.00022022    0.00035657    0.00004860
    0.00148926   -0.00329860   -0.00001910
    0.00218104   -0.00016780   -0.00026329
   -0.00097652    0.00033323    0.00179108
   -0.00012839   -0.00123944   -0.00208159
 
  New acceleration: 
    0.00000227    0.00000757   -0.00000014
   -0.00001233   -0.00005122    0.00000519
   -0.00001059   -0.00001333   -0.00000477
    0.00000046   -0.00001159    0.00001275
   -0.00000453   -0.00001400   -0.00001155
 
     Time    Etot         Ekin       Epot E0,      E1, ...
%      3.000   -38.990107298     0.027769602   -39.121386920   -39.033981020   -39.017876900
Etot variation =  -0.000244 au    Worse conservation =   0.000165 au
 
Total linear momentum:     -0.10428838   -0.23339398    0.01056862
Total ang mom about cm:    -2.17943220    1.04842126   -0.09469329
Total ang mom of cm:        0.00001413    0.00078255    0.01742094
 
 Wave function state  1:         0.00001774309157        -0.00212233239954
 Wave function state  2:         0.01662048575523         0.04924534213340
 Wave function state  3:         0.99864582910564        -0.00081186926974
 
 ------------
 
STEP        7    Molecular dynamics on state  3    TIME =       3.50 fs
Type of dyn. =    2    N. of hoppings =    0    N. of rejec. hoppings =    0
 
  New geometry: 
 C     6.0   -0.23447252   -0.00736694   -0.05044842   12.00000000
 H     1.0   -1.09220434   -2.04235298    0.18499295    1.00782504
 H     1.0   -0.96964314    2.00739396    0.26582718    1.00782504
 H     1.0    1.73565408    0.19323525    1.40736816    1.00782504
 H     1.0    1.92076045   -0.09281261   -1.25553666    1.00782504
 
  New velocity: 
   -0.00013228    0.00045741    0.00003944
    0.00103553   -0.00411080    0.00011359
    0.00168926   -0.00017243   -0.00030380
   -0.00094241    0.00010490    0.00183168
   -0.00026417   -0.00139497   -0.00210529
 
  New acceleration: 
    0.00000624    0.00000219   -0.00000075
   -0.00003158   -0.00002737    0.00000765
   -0.00003699    0.00001288    0.00000085
    0.00000284   -0.00001050   -0.00000882
   -0.00000860   -0.00000105    0.00000926
 
     Time    Etot         Ekin       Epot E0,      E1, ...
%      3.500   -38.991396408     0.031580412   -39.115135590   -39.031751660   -39.022976820
Etot variation =  -0.001289 au    Worse conservation =  -0.001437 au
 
Total linear momentum:     -0.10428849   -0.23339387    0.01056852
Total ang mom about cm:    -2.17597741    1.04806065   -0.07346307
Total ang mom of cm:        0.00001413    0.00078254    0.01742093
 
 Wave function state  1:        -0.00497032188475         0.00897188158672
 Wave function state  2:         0.01311408290471         0.04832066099743
 Wave function state  3:         0.99869287071102        -0.00069698097987
 
 ------------
 
STEP        8    Molecular dynamics on state  3    TIME =       4.00 fs
Type of dyn. =    2    N. of hoppings =    0    N. of rejec. hoppings =    0
 
  New geometry: 
 C     6.0   -0.23587322    0.00255524   -0.04979354   12.00000000
 H     1.0   -1.07754492   -2.13317306    0.18897540    1.00782504
 H     1.0   -0.94262711    2.00658108    0.25972901    1.00782504
 H     1.0    1.71678149    0.19316020    1.44334519    1.00782504
 H     1.0    1.91346205   -0.12187234   -1.29707660    1.00782504
 
  New velocity: 
   -0.00001314    0.00042927    0.00002782
    0.00044368   -0.00432332    0.00022050
    0.00096524    0.00037986   -0.00025541
   -0.00089961   -0.00000763    0.00164510
   -0.00040966   -0.00128720   -0.00193562
 
  New acceleration: 
    0.00000529   -0.00000491   -0.00000037
   -0.00002569    0.00000681    0.00000269
   -0.00003306    0.00004056    0.00000383
    0.00000130   -0.00000039   -0.00000923
   -0.00000547    0.00001148    0.00000716
 
     Time    Etot         Ekin       Epot E0,      E1, ...
%      4.000   -38.990259637     0.028815953   -39.106926460   -39.036889440   -39.019075590
Etot variation =   0.001137 au    Worse conservation =  -0.001437 au
 
Total linear momentum:     -0.10428849   -0.23339387    0.01056841
Total ang mom about cm:    -2.17336146    1.04759174   -0.05851189
Total ang mom of cm:        0.00001413    0.00078253    0.01742093
 
 Wave function state  1:         0.00517828384788         0.01287373985641
 Wave function state  2:        -0.00900315483857         0.03028404611384
 Wave function state  3:         0.99940445824348        -0.00002820421045
 
 ------------
 
STEP        9    Molecular dynamics on state  3    TIME =       4.50 fs
Type of dyn. =    2    N. of hoppings =    0    N. of rejec. hoppings =    0
 
  New geometry: 
 C     6.0   -0.23501558    0.01037970   -0.04929850   12.00000000
 H     1.0   -1.07386216   -2.22108509    0.19410860    1.00782504
 H     1.0   -0.92973889    2.02309789    0.25526824    1.00782504
 H     1.0    1.69846282    0.19291981    1.47537875    1.00782504
 H     1.0    1.90382458   -0.14602723   -1.33555803    1.00782504
 
  New velocity: 
    0.00008565    0.00031080    0.00002292
   -0.00002602   -0.00406081    0.00025380
    0.00033330    0.00124669   -0.00018178
   -0.00087660    0.00001179    0.00147268
   -0.00050733   -0.00102531   -0.00181187
 
  New acceleration: 
    0.00000427   -0.00000655   -0.00000010
   -0.00001976    0.00001859    0.00000053
   -0.00002808    0.00004331    0.00000329
    0.00000093    0.00000227   -0.00000745
   -0.00000398    0.00001386    0.00000482
 
     Time    Etot         Ekin       Epot E0,      E1, ...
%      4.500   -38.990154385     0.024825675   -39.097598660   -39.041361700   -39.014980060
Etot variation =   0.000105 au    Worse conservation =  -0.001437 au
 
Total linear momentum:     -0.10428849   -0.23339387    0.01056831
Total ang mom about cm:    -2.17151821    1.04730246   -0.05237507
Total ang mom of cm:        0.00001413    0.00078252    0.01742093
 
 Wave function state  1:         0.00536939919327         0.01008291953327
 Wave function state  2:        -0.00077240959047         0.03068322965412
 Wave function state  3:         0.99946353276130        -0.00030621512165
 
 ------------
 
STEP       10    Molecular dynamics on state  3    TIME =       5.00 fs
Type of dyn. =    1    N. of hoppings =    0    N. of rejec. hoppings =    0
 
  New geometry: 
 C     6.0   -0.23233212    0.01540401   -0.04884595   12.00000000
 H     1.0   -1.07862051   -2.30105266    0.19946768    1.00782504
 H     1.0   -0.92884784    2.05812076    0.25221418    1.00782504
 H     1.0    1.68054165    0.19364772    1.50422775    1.00782504
 H     1.0    1.89248820   -0.16426004   -1.37198159    1.00782504
 
  New velocity: 
    0.00016647    0.00017155    0.00002299
   -0.00039460   -0.00360962    0.00025406
   -0.00020562    0.00210277   -0.00012751
   -0.00085641    0.00006636    0.00132515
   -0.00058221   -0.00072917   -0.00171974
 
  New acceleration: 
    0.00000355   -0.00000692    0.00000011
   -0.00001591    0.00002506   -0.00000050
   -0.00002407    0.00003952    0.00000196
    0.00000102    0.00000301   -0.00000682
   -0.00000327    0.00001479    0.00000410
 
     Time    Etot         Ekin       Epot E0,      E1, ...
%      5.000   -38.990163401     0.022724159   -39.087955880   -39.043817320   -39.012887560
Etot variation =  -0.000009 au    Worse conservation =  -0.001437 au
 
Total linear momentum:     -0.10428849   -0.23339398    0.01056821
Total ang mom about cm:    -2.17026662    1.04666307   -0.05386584
Total ang mom of cm:        0.00001413    0.00078251    0.01742094
 
 Wave function state  1:         0.01144982822374         0.00721371088156
 Wave function state  2:         0.01088455175557         0.02478984482335
 Wave function state  3:         0.99954153165122        -0.00076186613167
 
 ------------
 
STEP       11    Molecular dynamics on state  3    TIME =       5.50 fs
Type of dyn. =    1    N. of hoppings =    0    N. of rejec. hoppings =    0
 
  New geometry: 
 C     6.0   -0.22813367    0.01747183   -0.04834788   12.00000000
 H     1.0   -1.09017539   -2.37031161    0.20461166    1.00782504
 H     1.0   -0.93823957    2.11002937    0.24999690    1.00782504
 H     1.0    1.66305752    0.19566310    1.53016223    1.00782504
 H     1.0    1.87975530   -0.17617230   -1.40665434    1.00782504
